[4.381s] Invoking command in '/home/lysaw/ros2_wsa/src/my_package': PYTHONPATH=/home/lysaw/ros2_wsa/build/my_package/prefix_override:/home/lysaw/ros2_wsa/install/my_package/lib/python3.10/site-packages:${PYTHONPATH} /usr/bin/python3 setup.py egg_info --egg-base ../../build/my_package build --build-base /home/lysaw/ros2_wsa/build/my_package/build install --record /home/lysaw/ros2_wsa/build/my_package/install.log --single-version-externally-managed
[6.004s] running egg_info
[6.006s] creating ../../build/my_package/my_package.egg-info
[6.007s] writing ../../build/my_package/my_package.egg-info/PKG-INFO
[6.008s] writing dependency_links to ../../build/my_package/my_package.egg-info/dependency_links.txt
[6.009s] writing entry points to ../../build/my_package/my_package.egg-info/entry_points.txt
[6.010s] writing requirements to ../../build/my_package/my_package.egg-info/requires.txt
[6.024s] writing top-level names to ../../build/my_package/my_package.egg-info/top_level.txt
[6.025s] writing manifest file '../../build/my_package/my_package.egg-info/SOURCES.txt'
[6.040s] reading manifest file '../../build/my_package/my_package.egg-info/SOURCES.txt'
[6.043s] writing manifest file '../../build/my_package/my_package.egg-info/SOURCES.txt'
[6.048s] running build
[6.048s] running build_py
[6.049s] creating /home/lysaw/ros2_wsa/build/my_package/build
[6.050s] creating /home/lysaw/ros2_wsa/build/my_package/build/lib
[6.050s] creating /home/lysaw/ros2_wsa/build/my_package/build/lib/my_package
[6.051s] copying my_package/__init__.py -> /home/lysaw/ros2_wsa/build/my_package/build/lib/my_package
[6.056s] copying my_package/mynode.py -> /home/lysaw/ros2_wsa/build/my_package/build/lib/my_package
[6.061s] running install
[6.071s] /usr/lib/python3/dist-packages/setuptools/command/install.py:34: SetuptoolsDeprecationWarning: setup.py install is deprecated. Use build and pip and other standards-based tools.
[6.072s]   warnings.warn(
[6.073s] running install_lib
[6.078s] creating /home/lysaw/ros2_wsa/install/my_package/lib/python3.10/site-packages/my_package
[6.078s] copying /home/lysaw/ros2_wsa/build/my_package/build/lib/my_package/__init__.py -> /home/lysaw/ros2_wsa/install/my_package/lib/python3.10/site-packages/my_package
[6.079s] copying /home/lysaw/ros2_wsa/build/my_package/build/lib/my_package/mynode.py -> /home/lysaw/ros2_wsa/install/my_package/lib/python3.10/site-packages/my_package
[6.081s] byte-compiling /home/lysaw/ros2_wsa/install/my_package/lib/python3.10/site-packages/my_package/__init__.py to __init__.cpython-310.pyc
[6.082s] byte-compiling /home/lysaw/ros2_wsa/install/my_package/lib/python3.10/site-packages/my_package/mynode.py to mynode.cpython-310.pyc
[6.085s] running install_data
[6.087s] creating /home/lysaw/ros2_wsa/install/my_package/share/ament_index
[6.088s] creating /home/lysaw/ros2_wsa/install/my_package/share/ament_index/resource_index
[6.088s] creating /home/lysaw/ros2_wsa/install/my_package/share/ament_index/resource_index/packages
[6.089s] copying resource/my_package -> /home/lysaw/ros2_wsa/install/my_package/share/ament_index/resource_index/packages
[6.089s] copying package.xml -> /home/lysaw/ros2_wsa/install/my_package/share/my_package
[6.090s] running install_egg_info
[6.100s] Copying ../../build/my_package/my_package.egg-info to /home/lysaw/ros2_wsa/install/my_package/lib/python3.10/site-packages/my_package-0.0.0-py3.10.egg-info
[6.103s] running install_scripts
[6.249s] Installing mynode script to /home/lysaw/ros2_wsa/install/my_package/lib/my_package
[6.254s] writing list of installed files to '/home/lysaw/ros2_wsa/build/my_package/install.log'
[6.414s] Invoked command in '/home/lysaw/ros2_wsa/src/my_package' returned '0': PYTHONPATH=/home/lysaw/ros2_wsa/build/my_package/prefix_override:/home/lysaw/ros2_wsa/install/my_package/lib/python3.10/site-packages:${PYTHONPATH} /usr/bin/python3 setup.py egg_info --egg-base ../../build/my_package build --build-base /home/lysaw/ros2_wsa/build/my_package/build install --record /home/lysaw/ros2_wsa/build/my_package/install.log --single-version-externally-managed
