[2.081s] DEBUG:colcon:Command line arguments: ['/usr/bin/colcon', 'build']
[2.084s] DEBUG:colcon:Parsed command line arguments: Namespace(log_base=None, log_level=None, verb_name='build', build_base='build', install_base='install', merge_install=False, symlink_install=False, test_result_base=None, continue_on_error=False, executor='parallel', parallel_workers=1, event_handlers=None, ignore_user_meta=False, metas=['./colcon.meta'], base_paths=['.'], packages_ignore=None, packages_ignore_regex=None, paths=None, packages_up_to=None, packages_up_to_regex=None, packages_above=None, packages_above_and_dependencies=None, packages_above_depth=None, packages_select_by_dep=None, packages_skip_by_dep=None, packages_skip_up_to=None, packages_select_build_failed=False, packages_skip_build_finished=False, packages_select_test_failures=False, packages_skip_test_passed=False, packages_select=None, packages_skip=None, packages_select_regex=None, packages_skip_regex=None, packages_start=None, packages_end=None, allow_overriding=[], cmake_args=None, cmake_target=None, cmake_target_skip_unavailable=False, cmake_clean_cache=False, cmake_clean_first=False, cmake_force_configure=False, ament_cmake_args=None, catkin_cmake_args=None, catkin_skip_building_tests=False, verb_parser=<colcon_defaults.argument_parser.defaults.DefaultArgumentsDecorator object at 0x7f416df7e890>, verb_extension=<colcon_core.verb.build.BuildVerb object at 0x7f416e8cabc0>, main=<bound method BuildVerb.main of <colcon_core.verb.build.BuildVerb object at 0x7f416e8cabc0>>)
[2.245s] Level 1:colcon.colcon_core.package_discovery:discover_packages(colcon_meta) check parameters
[2.245s] Level 1:colcon.colcon_core.package_discovery:discover_packages(recursive) check parameters
[2.245s] Level 1:colcon.colcon_core.package_discovery:discover_packages(ignore) check parameters
[2.245s] Level 1:colcon.colcon_core.package_discovery:discover_packages(path) check parameters
[2.246s] Level 1:colcon.colcon_core.package_discovery:discover_packages(colcon_meta) discover
[2.246s] Level 1:colcon.colcon_core.package_discovery:discover_packages(recursive) discover
[2.246s] INFO:colcon.colcon_core.package_discovery:Crawling recursively for packages in '/home/lysaw/ros2_wsa'
[2.247s] Level 1:colcon.colcon_core.package_identification:_identify(.) by extensions ['ignore', 'ignore_ament_install']
[2.247s] Level 1:colcon.colcon_core.package_identification:_identify(.) by extension 'ignore'
[2.247s] Level 1:colcon.colcon_core.package_identification:_identify(.) by extension 'ignore_ament_install'
[2.248s] Level 1:colcon.colcon_core.package_identification:_identify(.) by extensions ['colcon_pkg']
[2.249s] Level 1:colcon.colcon_core.package_identification:_identify(.) by extension 'colcon_pkg'
[2.249s] Level 1:colcon.colcon_core.package_identification:_identify(.) by extensions ['colcon_meta']
[2.250s] Level 1:colcon.colcon_core.package_identification:_identify(.) by extension 'colcon_meta'
[2.250s] Level 1:colcon.colcon_core.package_identification:_identify(.) by extensions ['ros']
[2.250s] Level 1:colcon.colcon_core.package_identification:_identify(.) by extension 'ros'
[2.406s] Level 1:colcon.colcon_core.package_identification:_identify(.) by extensions ['cmake', 'python']
[2.406s] Level 1:colcon.colcon_core.package_identification:_identify(.) by extension 'cmake'
[2.406s] Level 1:colcon.colcon_core.package_identification:_identify(.) by extension 'python'
[2.407s] Level 1:colcon.colcon_core.package_identification:_identify(.) by extensions ['python_setup_py']
[2.407s] Level 1:colcon.colcon_core.package_identification:_identify(.) by extension 'python_setup_py'
[2.407s] Level 1:colcon.colcon_core.package_identification:_identify(build) by extensions ['ignore', 'ignore_ament_install']
[2.408s] Level 1:colcon.colcon_core.package_identification:_identify(build) by extension 'ignore'
[2.408s] Level 1:colcon.colcon_core.package_identification:_identify(build) ignored
[2.413s] Level 1:colcon.colcon_core.package_identification:_identify(install) by extensions ['ignore', 'ignore_ament_install']
[2.414s] Level 1:colcon.colcon_core.package_identification:_identify(install) by extension 'ignore'
[2.414s] Level 1:colcon.colcon_core.package_identification:_identify(install) ignored
[2.415s] Level 1:colcon.colcon_core.package_identification:_identify(log) by extensions ['ignore', 'ignore_ament_install']
[2.415s] Level 1:colcon.colcon_core.package_identification:_identify(log) by extension 'ignore'
[2.415s] Level 1:colcon.colcon_core.package_identification:_identify(log) ignored
[2.416s] Level 1:colcon.colcon_core.package_identification:_identify(src) by extensions ['ignore', 'ignore_ament_install']
[2.416s] Level 1:colcon.colcon_core.package_identification:_identify(src) by extension 'ignore'
[2.416s] Level 1:colcon.colcon_core.package_identification:_identify(src) by extension 'ignore_ament_install'
[2.417s] Level 1:colcon.colcon_core.package_identification:_identify(src) by extensions ['colcon_pkg']
[2.417s] Level 1:colcon.colcon_core.package_identification:_identify(src) by extension 'colcon_pkg'
[2.417s] Level 1:colcon.colcon_core.package_identification:_identify(src) by extensions ['colcon_meta']
[2.417s] Level 1:colcon.colcon_core.package_identification:_identify(src) by extension 'colcon_meta'
[2.418s] Level 1:colcon.colcon_core.package_identification:_identify(src) by extensions ['ros']
[2.418s] Level 1:colcon.colcon_core.package_identification:_identify(src) by extension 'ros'
[2.418s] Level 1:colcon.colcon_core.package_identification:_identify(src) by extensions ['cmake', 'python']
[2.421s] Level 1:colcon.colcon_core.package_identification:_identify(src) by extension 'cmake'
[2.422s] Level 1:colcon.colcon_core.package_identification:_identify(src) by extension 'python'
[2.422s] Level 1:colcon.colcon_core.package_identification:_identify(src) by extensions ['python_setup_py']
[2.422s] Level 1:colcon.colcon_core.package_identification:_identify(src) by extension 'python_setup_py'
[2.423s] Level 1:colcon.colcon_core.package_identification:_identify(src/build) by extensions ['ignore', 'ignore_ament_install']
[2.423s] Level 1:colcon.colcon_core.package_identification:_identify(src/build) by extension 'ignore'
[2.423s] Level 1:colcon.colcon_core.package_identification:_identify(src/build) ignored
[2.424s] Level 1:colcon.colcon_core.package_identification:_identify(src/install) by extensions ['ignore', 'ignore_ament_install']
[2.424s] Level 1:colcon.colcon_core.package_identification:_identify(src/install) by extension 'ignore'
[2.425s] Level 1:colcon.colcon_core.package_identification:_identify(src/install) ignored
[2.425s] Level 1:colcon.colcon_core.package_identification:_identify(src/log) by extensions ['ignore', 'ignore_ament_install']
[2.425s] Level 1:colcon.colcon_core.package_identification:_identify(src/log) by extension 'ignore'
[2.425s] Level 1:colcon.colcon_core.package_identification:_identify(src/log) ignored
[2.426s] Level 1:colcon.colcon_core.package_identification:_identify(src/my_package) by extensions ['ignore', 'ignore_ament_install']
[2.426s] Level 1:colcon.colcon_core.package_identification:_identify(src/my_package) by extension 'ignore'
[2.426s] Level 1:colcon.colcon_core.package_identification:_identify(src/my_package) by extension 'ignore_ament_install'
[2.427s] Level 1:colcon.colcon_core.package_identification:_identify(src/my_package) by extensions ['colcon_pkg']
[2.427s] Level 1:colcon.colcon_core.package_identification:_identify(src/my_package) by extension 'colcon_pkg'
[2.427s] Level 1:colcon.colcon_core.package_identification:_identify(src/my_package) by extensions ['colcon_meta']
[2.427s] Level 1:colcon.colcon_core.package_identification:_identify(src/my_package) by extension 'colcon_meta'
[2.432s] Level 1:colcon.colcon_core.package_identification:_identify(src/my_package) by extensions ['ros']
[2.432s] Level 1:colcon.colcon_core.package_identification:_identify(src/my_package) by extension 'ros'
[2.458s] DEBUG:colcon.colcon_core.package_identification:Package 'src/my_package' with type 'ros.ament_python' and name 'my_package'
[2.458s] Level 1:colcon.colcon_core.package_discovery:discover_packages(recursive) using defaults
[2.458s] Level 1:colcon.colcon_core.package_discovery:discover_packages(ignore) discover
[2.460s] Level 1:colcon.colcon_core.package_discovery:discover_packages(ignore) using defaults
[2.460s] Level 1:colcon.colcon_core.package_discovery:discover_packages(path) discover
[2.460s] Level 1:colcon.colcon_core.package_discovery:discover_packages(path) using defaults
[2.662s] Level 1:colcon.colcon_core.package_discovery:discover_packages(prefix_path) check parameters
[2.662s] Level 1:colcon.colcon_core.package_discovery:discover_packages(prefix_path) discover
[2.687s] DEBUG:colcon.colcon_installed_package_information.package_discovery:Found 1 installed packages in /home/lysaw/ros2_wsa/install
[2.706s] DEBUG:colcon.colcon_installed_package_information.package_discovery:Found 284 installed packages in /opt/ros/humble
[2.718s] Level 1:colcon.colcon_core.package_discovery:discover_packages(prefix_path) using defaults
[3.144s] Level 5:colcon.colcon_core.verb:set package 'my_package' build argument 'cmake_args' from command line to 'None'
[3.144s] Level 5:colcon.colcon_core.verb:set package 'my_package' build argument 'cmake_target' from command line to 'None'
[3.144s] Level 5:colcon.colcon_core.verb:set package 'my_package' build argument 'cmake_target_skip_unavailable' from command line to 'False'
[3.144s] Level 5:colcon.colcon_core.verb:set package 'my_package' build argument 'cmake_clean_cache' from command line to 'False'
[3.145s] Level 5:colcon.colcon_core.verb:set package 'my_package' build argument 'cmake_clean_first' from command line to 'False'
[3.145s] Level 5:colcon.colcon_core.verb:set package 'my_package' build argument 'cmake_force_configure' from command line to 'False'
[3.145s] Level 5:colcon.colcon_core.verb:set package 'my_package' build argument 'ament_cmake_args' from command line to 'None'
[3.145s] Level 5:colcon.colcon_core.verb:set package 'my_package' build argument 'catkin_cmake_args' from command line to 'None'
[3.145s] Level 5:colcon.colcon_core.verb:set package 'my_package' build argument 'catkin_skip_building_tests' from command line to 'False'
[3.145s] DEBUG:colcon.colcon_core.verb:Building package 'my_package' with the following arguments: {'ament_cmake_args': None, 'build_base': '/home/lysaw/ros2_wsa/build/my_package', 'catkin_cmake_args': None, 'catkin_skip_building_tests': False, 'cmake_args': None, 'cmake_clean_cache': False, 'cmake_clean_first': False, 'cmake_force_configure': False, 'cmake_target': None, 'cmake_target_skip_unavailable': False, 'install_base': '/home/lysaw/ros2_wsa/install/my_package', 'merge_install': False, 'path': '/home/lysaw/ros2_wsa/src/my_package', 'symlink_install': False, 'test_result_base': None}
[3.149s] INFO:colcon.colcon_core.executor:Executing jobs using 'parallel' executor
[3.164s] DEBUG:colcon.colcon_parallel_executor.executor.parallel:run_until_complete
[3.165s] INFO:colcon.colcon_ros.task.ament_python.build:Building ROS package in '/home/lysaw/ros2_wsa/src/my_package' with build type 'ament_python'
[3.165s] Level 1:colcon.colcon_core.shell:create_environment_hook('my_package', 'ament_prefix_path')
[3.192s] INFO:colcon.colcon_core.plugin_system:Skipping extension 'colcon_core.shell.bat': Not used on non-Windows systems
[3.197s] INFO:colcon.colcon_core.shell:Creating environment hook '/home/lysaw/ros2_wsa/install/my_package/share/my_package/hook/ament_prefix_path.ps1'
[3.204s] INFO:colcon.colcon_core.shell:Creating environment descriptor '/home/lysaw/ros2_wsa/install/my_package/share/my_package/hook/ament_prefix_path.dsv'
[3.206s] INFO:colcon.colcon_core.shell:Creating environment hook '/home/lysaw/ros2_wsa/install/my_package/share/my_package/hook/ament_prefix_path.sh'
[3.224s] INFO:colcon.colcon_core.shell:Skip shell extension 'powershell' for command environment: Not usable outside of PowerShell
[3.232s] DEBUG:colcon.colcon_core.shell:Skip shell extension 'dsv' for command environment
[5.269s] INFO:colcon.colcon_core.task.python.build:Building Python package in '/home/lysaw/ros2_wsa/src/my_package'
[5.278s] INFO:colcon.colcon_core.shell:Skip shell extension 'powershell' for command environment: Not usable outside of PowerShell
[5.278s] DEBUG:colcon.colcon_core.shell:Skip shell extension 'dsv' for command environment
[7.618s] DEBUG:colcon.colcon_core.event_handler.log_command:Invoking command in '/home/lysaw/ros2_wsa/src/my_package': PYTHONPATH=/home/lysaw/ros2_wsa/build/my_package/prefix_override:/home/lysaw/ros2_wsa/install/my_package/lib/python3.10/site-packages:${PYTHONPATH} /usr/bin/python3 setup.py egg_info --egg-base ../../build/my_package build --build-base /home/lysaw/ros2_wsa/build/my_package/build install --record /home/lysaw/ros2_wsa/build/my_package/install.log --single-version-externally-managed
[9.710s] DEBUG:colcon.colcon_core.event_handler.log_command:Invoked command in '/home/lysaw/ros2_wsa/src/my_package' returned '0': PYTHONPATH=/home/lysaw/ros2_wsa/build/my_package/prefix_override:/home/lysaw/ros2_wsa/install/my_package/lib/python3.10/site-packages:${PYTHONPATH} /usr/bin/python3 setup.py egg_info --egg-base ../../build/my_package build --build-base /home/lysaw/ros2_wsa/build/my_package/build install --record /home/lysaw/ros2_wsa/build/my_package/install.log --single-version-externally-managed
[9.741s] Level 1:colcon.colcon_core.environment:checking '/home/lysaw/ros2_wsa/install/my_package' for CMake module files
[9.743s] Level 1:colcon.colcon_core.environment:checking '/home/lysaw/ros2_wsa/install/my_package' for CMake config files
[9.745s] Level 1:colcon.colcon_core.environment:checking '/home/lysaw/ros2_wsa/install/my_package/lib'
[9.745s] Level 1:colcon.colcon_core.environment:checking '/home/lysaw/ros2_wsa/install/my_package/bin'
[9.746s] Level 1:colcon.colcon_core.environment:checking '/home/lysaw/ros2_wsa/install/my_package/lib/pkgconfig/my_package.pc'
[9.746s] Level 1:colcon.colcon_core.environment:checking '/home/lysaw/ros2_wsa/install/my_package/lib/python3.10/site-packages'
[9.747s] Level 1:colcon.colcon_core.shell:create_environment_hook('my_package', 'pythonpath')
[9.754s] INFO:colcon.colcon_core.shell:Creating environment hook '/home/lysaw/ros2_wsa/install/my_package/share/my_package/hook/pythonpath.ps1'
[9.755s] INFO:colcon.colcon_core.shell:Creating environment descriptor '/home/lysaw/ros2_wsa/install/my_package/share/my_package/hook/pythonpath.dsv'
[9.757s] INFO:colcon.colcon_core.shell:Creating environment hook '/home/lysaw/ros2_wsa/install/my_package/share/my_package/hook/pythonpath.sh'
[9.761s] Level 1:colcon.colcon_core.environment:checking '/home/lysaw/ros2_wsa/install/my_package/bin'
[9.761s] Level 1:colcon.colcon_core.environment:create_environment_scripts_only(my_package)
[9.766s] INFO:colcon.colcon_core.shell:Creating package script '/home/lysaw/ros2_wsa/install/my_package/share/my_package/package.ps1'
[9.771s] INFO:colcon.colcon_core.shell:Creating package descriptor '/home/lysaw/ros2_wsa/install/my_package/share/my_package/package.dsv'
[9.773s] INFO:colcon.colcon_core.shell:Creating package script '/home/lysaw/ros2_wsa/install/my_package/share/my_package/package.sh'
[9.775s] INFO:colcon.colcon_core.shell:Creating package script '/home/lysaw/ros2_wsa/install/my_package/share/my_package/package.bash'
[9.780s] INFO:colcon.colcon_core.shell:Creating package script '/home/lysaw/ros2_wsa/install/my_package/share/my_package/package.zsh'
[9.782s] Level 1:colcon.colcon_core.environment:create_file_with_runtime_dependencies(/home/lysaw/ros2_wsa/install/my_package/share/colcon-core/packages/my_package)
[9.785s] DEBUG:colcon.colcon_parallel_executor.executor.parallel:closing loop
[9.785s] DEBUG:colcon.colcon_parallel_executor.executor.parallel:loop closed
[9.785s] DEBUG:colcon.colcon_parallel_executor.executor.parallel:run_until_complete finished with '0'
[9.785s] DEBUG:colcon.colcon_core.event_reactor:joining thread
[9.810s] INFO:colcon.colcon_core.plugin_system:Skipping extension 'colcon_notification.desktop_notification.terminal_notifier': Not used on non-Darwin systems
[9.810s] INFO:colcon.colcon_core.plugin_system:Skipping extension 'colcon_notification.desktop_notification.win32': Not used on non-Windows systems
[9.810s] INFO:colcon.colcon_notification.desktop_notification:Sending desktop notification using 'notify2'
[9.910s] DEBUG:colcon.colcon_core.event_reactor:joined thread
[9.916s] INFO:colcon.colcon_core.shell:Creating prefix script '/home/lysaw/ros2_wsa/install/local_setup.ps1'
[9.927s] INFO:colcon.colcon_core.shell:Creating prefix util module '/home/lysaw/ros2_wsa/install/_local_setup_util_ps1.py'
[9.940s] INFO:colcon.colcon_core.shell:Creating prefix chain script '/home/lysaw/ros2_wsa/install/setup.ps1'
[9.949s] INFO:colcon.colcon_core.shell:Creating prefix script '/home/lysaw/ros2_wsa/install/local_setup.sh'
[9.951s] INFO:colcon.colcon_core.shell:Creating prefix util module '/home/lysaw/ros2_wsa/install/_local_setup_util_sh.py'
[9.956s] INFO:colcon.colcon_core.shell:Creating prefix chain script '/home/lysaw/ros2_wsa/install/setup.sh'
[9.966s] INFO:colcon.colcon_core.shell:Creating prefix script '/home/lysaw/ros2_wsa/install/local_setup.bash'
[9.969s] INFO:colcon.colcon_core.shell:Creating prefix chain script '/home/lysaw/ros2_wsa/install/setup.bash'
[9.978s] INFO:colcon.colcon_core.shell:Creating prefix script '/home/lysaw/ros2_wsa/install/local_setup.zsh'
[9.984s] INFO:colcon.colcon_core.shell:Creating prefix chain script '/home/lysaw/ros2_wsa/install/setup.zsh'
