[1.215s] DEBUG:colcon:Command line arguments: ['/usr/bin/colcon', 'build']
[1.215s] DEBUG:colcon:Parsed command line arguments: Namespace(log_base=None, log_level=None, verb_name='build', build_base='build', install_base='install', merge_install=False, symlink_install=False, test_result_base=None, continue_on_error=False, executor='parallel', parallel_workers=1, event_handlers=None, ignore_user_meta=False, metas=['./colcon.meta'], base_paths=['.'], packages_ignore=None, packages_ignore_regex=None, paths=None, packages_up_to=None, packages_up_to_regex=None, packages_above=None, packages_above_and_dependencies=None, packages_above_depth=None, packages_select_by_dep=None, packages_skip_by_dep=None, packages_skip_up_to=None, packages_select_build_failed=False, packages_skip_build_finished=False, packages_select_test_failures=False, packages_skip_test_passed=False, packages_select=None, packages_skip=None, packages_select_regex=None, packages_skip_regex=None, packages_start=None, packages_end=None, allow_overriding=[], cmake_args=None, cmake_target=None, cmake_target_skip_unavailable=False, cmake_clean_cache=False, cmake_clean_first=False, cmake_force_configure=False, ament_cmake_args=None, catkin_cmake_args=None, catkin_skip_building_tests=False, verb_parser=<colcon_defaults.argument_parser.defaults.DefaultArgumentsDecorator object at 0x7f12b2e6e830>, verb_extension=<colcon_core.verb.build.BuildVerb object at 0x7f12b37b48e0>, main=<bound method BuildVerb.main of <colcon_core.verb.build.BuildVerb object at 0x7f12b37b48e0>>)
[1.279s] Level 1:colcon.colcon_core.package_discovery:discover_packages(colcon_meta) check parameters
[1.279s] Level 1:colcon.colcon_core.package_discovery:discover_packages(recursive) check parameters
[1.279s] Level 1:colcon.colcon_core.package_discovery:discover_packages(ignore) check parameters
[1.279s] Level 1:colcon.colcon_core.package_discovery:discover_packages(path) check parameters
[1.279s] Level 1:colcon.colcon_core.package_discovery:discover_packages(colcon_meta) discover
[1.280s] Level 1:colcon.colcon_core.package_discovery:discover_packages(recursive) discover
[1.280s] INFO:colcon.colcon_core.package_discovery:Crawling recursively for packages in '/home/lysaw/ros2_wsa'
[1.280s] Level 1:colcon.colcon_core.package_identification:_identify(.) by extensions ['ignore', 'ignore_ament_install']
[1.281s] Level 1:colcon.colcon_core.package_identification:_identify(.) by extension 'ignore'
[1.281s] Level 1:colcon.colcon_core.package_identification:_identify(.) by extension 'ignore_ament_install'
[1.281s] Level 1:colcon.colcon_core.package_identification:_identify(.) by extensions ['colcon_pkg']
[1.281s] Level 1:colcon.colcon_core.package_identification:_identify(.) by extension 'colcon_pkg'
[1.282s] Level 1:colcon.colcon_core.package_identification:_identify(.) by extensions ['colcon_meta']
[1.282s] Level 1:colcon.colcon_core.package_identification:_identify(.) by extension 'colcon_meta'
[1.282s] Level 1:colcon.colcon_core.package_identification:_identify(.) by extensions ['ros']
[1.282s] Level 1:colcon.colcon_core.package_identification:_identify(.) by extension 'ros'
[1.347s] Level 1:colcon.colcon_core.package_identification:_identify(.) by extensions ['cmake', 'python']
[1.348s] Level 1:colcon.colcon_core.package_identification:_identify(.) by extension 'cmake'
[1.348s] Level 1:colcon.colcon_core.package_identification:_identify(.) by extension 'python'
[1.348s] Level 1:colcon.colcon_core.package_identification:_identify(.) by extensions ['python_setup_py']
[1.348s] Level 1:colcon.colcon_core.package_identification:_identify(.) by extension 'python_setup_py'
[1.348s] Level 1:colcon.colcon_core.package_identification:_identify(build) by extensions ['ignore', 'ignore_ament_install']
[1.349s] Level 1:colcon.colcon_core.package_identification:_identify(build) by extension 'ignore'
[1.349s] Level 1:colcon.colcon_core.package_identification:_identify(build) ignored
[1.349s] Level 1:colcon.colcon_core.package_identification:_identify(install) by extensions ['ignore', 'ignore_ament_install']
[1.349s] Level 1:colcon.colcon_core.package_identification:_identify(install) by extension 'ignore'
[1.349s] Level 1:colcon.colcon_core.package_identification:_identify(install) ignored
[1.350s] Level 1:colcon.colcon_core.package_identification:_identify(log) by extensions ['ignore', 'ignore_ament_install']
[1.350s] Level 1:colcon.colcon_core.package_identification:_identify(log) by extension 'ignore'
[1.350s] Level 1:colcon.colcon_core.package_identification:_identify(log) ignored
[1.350s] Level 1:colcon.colcon_core.package_identification:_identify(src) by extensions ['ignore', 'ignore_ament_install']
[1.350s] Level 1:colcon.colcon_core.package_identification:_identify(src) by extension 'ignore'
[1.351s] Level 1:colcon.colcon_core.package_identification:_identify(src) by extension 'ignore_ament_install'
[1.351s] Level 1:colcon.colcon_core.package_identification:_identify(src) by extensions ['colcon_pkg']
[1.351s] Level 1:colcon.colcon_core.package_identification:_identify(src) by extension 'colcon_pkg'
[1.351s] Level 1:colcon.colcon_core.package_identification:_identify(src) by extensions ['colcon_meta']
[1.351s] Level 1:colcon.colcon_core.package_identification:_identify(src) by extension 'colcon_meta'
[1.351s] Level 1:colcon.colcon_core.package_identification:_identify(src) by extensions ['ros']
[1.352s] Level 1:colcon.colcon_core.package_identification:_identify(src) by extension 'ros'
[1.352s] Level 1:colcon.colcon_core.package_identification:_identify(src) by extensions ['cmake', 'python']
[1.352s] Level 1:colcon.colcon_core.package_identification:_identify(src) by extension 'cmake'
[1.352s] Level 1:colcon.colcon_core.package_identification:_identify(src) by extension 'python'
[1.352s] Level 1:colcon.colcon_core.package_identification:_identify(src) by extensions ['python_setup_py']
[1.352s] Level 1:colcon.colcon_core.package_identification:_identify(src) by extension 'python_setup_py'
[1.353s] Level 1:colcon.colcon_core.package_identification:_identify(src/build) by extensions ['ignore', 'ignore_ament_install']
[1.353s] Level 1:colcon.colcon_core.package_identification:_identify(src/build) by extension 'ignore'
[1.353s] Level 1:colcon.colcon_core.package_identification:_identify(src/build) ignored
[1.353s] Level 1:colcon.colcon_core.package_identification:_identify(src/install) by extensions ['ignore', 'ignore_ament_install']
[1.354s] Level 1:colcon.colcon_core.package_identification:_identify(src/install) by extension 'ignore'
[1.354s] Level 1:colcon.colcon_core.package_identification:_identify(src/install) ignored
[1.354s] Level 1:colcon.colcon_core.package_identification:_identify(src/log) by extensions ['ignore', 'ignore_ament_install']
[1.354s] Level 1:colcon.colcon_core.package_identification:_identify(src/log) by extension 'ignore'
[1.354s] Level 1:colcon.colcon_core.package_identification:_identify(src/log) ignored
[1.355s] Level 1:colcon.colcon_core.package_identification:_identify(src/my_package) by extensions ['ignore', 'ignore_ament_install']
[1.355s] Level 1:colcon.colcon_core.package_identification:_identify(src/my_package) by extension 'ignore'
[1.355s] Level 1:colcon.colcon_core.package_identification:_identify(src/my_package) by extension 'ignore_ament_install'
[1.355s] Level 1:colcon.colcon_core.package_identification:_identify(src/my_package) by extensions ['colcon_pkg']
[1.355s] Level 1:colcon.colcon_core.package_identification:_identify(src/my_package) by extension 'colcon_pkg'
[1.355s] Level 1:colcon.colcon_core.package_identification:_identify(src/my_package) by extensions ['colcon_meta']
[1.356s] Level 1:colcon.colcon_core.package_identification:_identify(src/my_package) by extension 'colcon_meta'
[1.356s] Level 1:colcon.colcon_core.package_identification:_identify(src/my_package) by extensions ['ros']
[1.356s] Level 1:colcon.colcon_core.package_identification:_identify(src/my_package) by extension 'ros'
[1.366s] DEBUG:colcon.colcon_core.package_identification:Package 'src/my_package' with type 'ros.ament_python' and name 'my_package'
[1.367s] Level 1:colcon.colcon_core.package_discovery:discover_packages(recursive) using defaults
[1.367s] Level 1:colcon.colcon_core.package_discovery:discover_packages(ignore) discover
[1.367s] Level 1:colcon.colcon_core.package_discovery:discover_packages(ignore) using defaults
[1.367s] Level 1:colcon.colcon_core.package_discovery:discover_packages(path) discover
[1.367s] Level 1:colcon.colcon_core.package_discovery:discover_packages(path) using defaults
[1.454s] Level 1:colcon.colcon_core.package_discovery:discover_packages(prefix_path) check parameters
[1.454s] Level 1:colcon.colcon_core.package_discovery:discover_packages(prefix_path) discover
[1.466s] DEBUG:colcon.colcon_installed_package_information.package_discovery:Found 284 installed packages in /opt/ros/humble
[1.473s] Level 1:colcon.colcon_core.package_discovery:discover_packages(prefix_path) using defaults
[1.779s] Level 5:colcon.colcon_core.verb:set package 'my_package' build argument 'cmake_args' from command line to 'None'
[1.779s] Level 5:colcon.colcon_core.verb:set package 'my_package' build argument 'cmake_target' from command line to 'None'
[1.779s] Level 5:colcon.colcon_core.verb:set package 'my_package' build argument 'cmake_target_skip_unavailable' from command line to 'False'
[1.780s] Level 5:colcon.colcon_core.verb:set package 'my_package' build argument 'cmake_clean_cache' from command line to 'False'
[1.780s] Level 5:colcon.colcon_core.verb:set package 'my_package' build argument 'cmake_clean_first' from command line to 'False'
[1.780s] Level 5:colcon.colcon_core.verb:set package 'my_package' build argument 'cmake_force_configure' from command line to 'False'
[1.780s] Level 5:colcon.colcon_core.verb:set package 'my_package' build argument 'ament_cmake_args' from command line to 'None'
[1.780s] Level 5:colcon.colcon_core.verb:set package 'my_package' build argument 'catkin_cmake_args' from command line to 'None'
[1.780s] Level 5:colcon.colcon_core.verb:set package 'my_package' build argument 'catkin_skip_building_tests' from command line to 'False'
[1.780s] DEBUG:colcon.colcon_core.verb:Building package 'my_package' with the following arguments: {'ament_cmake_args': None, 'build_base': '/home/lysaw/ros2_wsa/build/my_package', 'catkin_cmake_args': None, 'catkin_skip_building_tests': False, 'cmake_args': None, 'cmake_clean_cache': False, 'cmake_clean_first': False, 'cmake_force_configure': False, 'cmake_target': None, 'cmake_target_skip_unavailable': False, 'install_base': '/home/lysaw/ros2_wsa/install/my_package', 'merge_install': False, 'path': '/home/lysaw/ros2_wsa/src/my_package', 'symlink_install': False, 'test_result_base': None}
[1.783s] INFO:colcon.colcon_core.executor:Executing jobs using 'parallel' executor
[1.797s] DEBUG:colcon.colcon_parallel_executor.executor.parallel:run_until_complete
[1.798s] INFO:colcon.colcon_ros.task.ament_python.build:Building ROS package in '/home/lysaw/ros2_wsa/src/my_package' with build type 'ament_python'
[1.798s] Level 1:colcon.colcon_core.shell:create_environment_hook('my_package', 'ament_prefix_path')
[1.821s] INFO:colcon.colcon_core.plugin_system:Skipping extension 'colcon_core.shell.bat': Not used on non-Windows systems
[1.822s] INFO:colcon.colcon_core.shell:Creating environment hook '/home/lysaw/ros2_wsa/install/my_package/share/my_package/hook/ament_prefix_path.ps1'
[1.825s] INFO:colcon.colcon_core.shell:Creating environment descriptor '/home/lysaw/ros2_wsa/install/my_package/share/my_package/hook/ament_prefix_path.dsv'
[1.829s] INFO:colcon.colcon_core.shell:Creating environment hook '/home/lysaw/ros2_wsa/install/my_package/share/my_package/hook/ament_prefix_path.sh'
[1.857s] INFO:colcon.colcon_core.shell:Skip shell extension 'powershell' for command environment: Not usable outside of PowerShell
[1.857s] DEBUG:colcon.colcon_core.shell:Skip shell extension 'dsv' for command environment
[3.857s] INFO:colcon.colcon_core.task.python.build:Building Python package in '/home/lysaw/ros2_wsa/src/my_package'
[3.867s] INFO:colcon.colcon_core.shell:Skip shell extension 'powershell' for command environment: Not usable outside of PowerShell
[3.877s] DEBUG:colcon.colcon_core.shell:Skip shell extension 'dsv' for command environment
[6.183s] DEBUG:colcon.colcon_core.event_handler.log_command:Invoking command in '/home/lysaw/ros2_wsa/src/my_package': PYTHONPATH=/home/lysaw/ros2_wsa/build/my_package/prefix_override:/home/lysaw/ros2_wsa/install/my_package/lib/python3.10/site-packages:${PYTHONPATH} /usr/bin/python3 setup.py egg_info --egg-base ../../build/my_package build --build-base /home/lysaw/ros2_wsa/build/my_package/build install --record /home/lysaw/ros2_wsa/build/my_package/install.log --single-version-externally-managed
[8.221s] DEBUG:colcon.colcon_core.event_handler.log_command:Invoked command in '/home/lysaw/ros2_wsa/src/my_package' returned '0': PYTHONPATH=/home/lysaw/ros2_wsa/build/my_package/prefix_override:/home/lysaw/ros2_wsa/install/my_package/lib/python3.10/site-packages:${PYTHONPATH} /usr/bin/python3 setup.py egg_info --egg-base ../../build/my_package build --build-base /home/lysaw/ros2_wsa/build/my_package/build install --record /home/lysaw/ros2_wsa/build/my_package/install.log --single-version-externally-managed
[8.270s] Level 1:colcon.colcon_core.environment:checking '/home/lysaw/ros2_wsa/install/my_package' for CMake module files
[8.271s] Level 1:colcon.colcon_core.environment:checking '/home/lysaw/ros2_wsa/install/my_package' for CMake config files
[8.278s] Level 1:colcon.colcon_core.environment:checking '/home/lysaw/ros2_wsa/install/my_package/lib'
[8.278s] Level 1:colcon.colcon_core.environment:checking '/home/lysaw/ros2_wsa/install/my_package/bin'
[8.279s] Level 1:colcon.colcon_core.environment:checking '/home/lysaw/ros2_wsa/install/my_package/lib/pkgconfig/my_package.pc'
[8.282s] Level 1:colcon.colcon_core.environment:checking '/home/lysaw/ros2_wsa/install/my_package/lib/python3.10/site-packages'
[8.283s] Level 1:colcon.colcon_core.shell:create_environment_hook('my_package', 'pythonpath')
[8.292s] INFO:colcon.colcon_core.shell:Creating environment hook '/home/lysaw/ros2_wsa/install/my_package/share/my_package/hook/pythonpath.ps1'
[8.296s] INFO:colcon.colcon_core.shell:Creating environment descriptor '/home/lysaw/ros2_wsa/install/my_package/share/my_package/hook/pythonpath.dsv'
[8.297s] INFO:colcon.colcon_core.shell:Creating environment hook '/home/lysaw/ros2_wsa/install/my_package/share/my_package/hook/pythonpath.sh'
[8.299s] Level 1:colcon.colcon_core.environment:checking '/home/lysaw/ros2_wsa/install/my_package/bin'
[8.299s] Level 1:colcon.colcon_core.environment:create_environment_scripts_only(my_package)
[8.304s] INFO:colcon.colcon_core.shell:Creating package script '/home/lysaw/ros2_wsa/install/my_package/share/my_package/package.ps1'
[8.309s] INFO:colcon.colcon_core.shell:Creating package descriptor '/home/lysaw/ros2_wsa/install/my_package/share/my_package/package.dsv'
[8.312s] INFO:colcon.colcon_core.shell:Creating package script '/home/lysaw/ros2_wsa/install/my_package/share/my_package/package.sh'
[8.317s] INFO:colcon.colcon_core.shell:Creating package script '/home/lysaw/ros2_wsa/install/my_package/share/my_package/package.bash'
[8.320s] INFO:colcon.colcon_core.shell:Creating package script '/home/lysaw/ros2_wsa/install/my_package/share/my_package/package.zsh'
[8.333s] Level 1:colcon.colcon_core.environment:create_file_with_runtime_dependencies(/home/lysaw/ros2_wsa/install/my_package/share/colcon-core/packages/my_package)
[8.336s] DEBUG:colcon.colcon_parallel_executor.executor.parallel:closing loop
[8.336s] DEBUG:colcon.colcon_parallel_executor.executor.parallel:loop closed
[8.337s] DEBUG:colcon.colcon_parallel_executor.executor.parallel:run_until_complete finished with '0'
[8.337s] DEBUG:colcon.colcon_core.event_reactor:joining thread
[8.374s] INFO:colcon.colcon_core.plugin_system:Skipping extension 'colcon_notification.desktop_notification.terminal_notifier': Not used on non-Darwin systems
[8.375s] INFO:colcon.colcon_core.plugin_system:Skipping extension 'colcon_notification.desktop_notification.win32': Not used on non-Windows systems
[8.375s] INFO:colcon.colcon_notification.desktop_notification:Sending desktop notification using 'notify2'
[8.442s] DEBUG:colcon.colcon_core.event_reactor:joined thread
[8.448s] INFO:colcon.colcon_core.shell:Creating prefix script '/home/lysaw/ros2_wsa/install/local_setup.ps1'
[8.455s] INFO:colcon.colcon_core.shell:Creating prefix util module '/home/lysaw/ros2_wsa/install/_local_setup_util_ps1.py'
[8.464s] INFO:colcon.colcon_core.shell:Creating prefix chain script '/home/lysaw/ros2_wsa/install/setup.ps1'
[8.477s] INFO:colcon.colcon_core.shell:Creating prefix script '/home/lysaw/ros2_wsa/install/local_setup.sh'
[8.478s] INFO:colcon.colcon_core.shell:Creating prefix util module '/home/lysaw/ros2_wsa/install/_local_setup_util_sh.py'
[8.479s] INFO:colcon.colcon_core.shell:Creating prefix chain script '/home/lysaw/ros2_wsa/install/setup.sh'
[8.488s] INFO:colcon.colcon_core.shell:Creating prefix script '/home/lysaw/ros2_wsa/install/local_setup.bash'
[8.494s] INFO:colcon.colcon_core.shell:Creating prefix chain script '/home/lysaw/ros2_wsa/install/setup.bash'
[8.502s] INFO:colcon.colcon_core.shell:Creating prefix script '/home/lysaw/ros2_wsa/install/local_setup.zsh'
[8.504s] INFO:colcon.colcon_core.shell:Creating prefix chain script '/home/lysaw/ros2_wsa/install/setup.zsh'
